<?xml version="1.0" encoding="UTF-8"?>
<!-- Generated by org.testng.reporters.JUnitReportReporter -->
<testsuite hostname="LENOVO" failures="0" tests="1" name="mavenWithtestNG.MouseHover" time="7.906" errors="0" timestamp="2024-02-01T06:36:12 IST" skipped="0">
  <testcase classname="mavenWithtestNG.MouseHover" name="dragAndDrop" time="7.906"/>
  <system-out/>
</testsuite> <!-- mavenWithtestNG.MouseHover -->
