<?xml version="1.0" encoding="UTF-8"?>
<!-- Generated by org.testng.reporters.JUnitReportReporter -->
<testsuite hostname="LENOVO" failures="0" tests="1" name="mavenWithtestNG.SwitchingWindows" time="41.650" errors="0" timestamp="2024-01-31T07:06:19 IST" skipped="0">
  <testcase classname="mavenWithtestNG.SwitchingWindows" name="switchWin" time="41.650"/>
  <system-out/>
</testsuite> <!-- mavenWithtestNG.SwitchingWindows -->
